<?xml version="1.0" encoding="UTF-8"?>
<!-- Generated by org.testng.reporters.JUnitReportReporter -->
<testsuite hostname="Arnab-PC" name="tooltip.ToolAttr" tests="1" failures="0" timestamp="16 Jun 2016 20:08:38 GMT" time="6.290" errors="0">
  <testcase name="tool" time="6.290" classname="tooltip.ToolAttr"/>
</testsuite> <!-- tooltip.ToolAttr -->
