<?xml version="1.0" encoding="UTF-8"?>
<!-- Generated by org.testng.reporters.JUnitReportReporter -->
<testsuite hostname="Arnab-PC" name="log4.LogDemo" tests="1" failures="0" timestamp="20 Sep 2016 16:53:37 GMT" time="2.294" errors="0">
  <testcase name="logtest1" time="2.294" classname="log4.LogDemo"/>
</testsuite> <!-- log4.LogDemo -->
