<?xml version="1.0" encoding="UTF-8"?>
<!-- Generated by org.testng.reporters.JUnitReportReporter -->
<testsuite skipped="0" hostname="LAPTOP-0EA7VU5G" name="elementNotClickable.ClickYorXcoordinates" tests="2" failures="0" timestamp="29 Nov 2016 21:43:45 GMT" time="6.275" errors="0">
  <testcase name="EleClickY" time="1.663" classname="elementNotClickable.ClickYorXcoordinates"/>
  <testcase name="EleClickX" time="4.612" classname="elementNotClickable.ClickYorXcoordinates"/>
</testsuite> <!-- elementNotClickable.ClickYorXcoordinates -->
