<?xml version="1.0" encoding="UTF-8"?>
<!-- Generated by org.testng.reporters.JUnitReportReporter -->
<testsuite skipped="0" hostname="LAPTOP-0EA7VU5G" name="wait.Fluent" tests="1" failures="0" timestamp="23 Nov 2016 01:11:50 GMT" time="10.662" errors="0">
  <testcase name="waitfluent" time="10.662" classname="wait.Fluent"/>
</testsuite> <!-- wait.Fluent -->
