<?xml version="1.0" encoding="UTF-8"?>
<!-- Generated by org.testng.reporters.JUnitReportReporter -->
<testsuite hostname="Arnab-PC" name="tooltip.TooltipTst" tests="1" failures="0" timestamp="16 Jun 2016 19:40:51 GMT" time="9.536" errors="0">
  <testcase name="tool" time="9.536" classname="tooltip.TooltipTst"/>
</testsuite> <!-- tooltip.TooltipTst -->
