<?xml version="1.0" encoding="UTF-8"?>
<!-- Generated by org.testng.reporters.JUnitReportReporter -->
<testsuite hostname="Arnab-PC" name="webtable.WebTable" tests="1" failures="0" timestamp="20 Jun 2016 15:48:59 GMT" time="30.938" errors="0">
  <testcase name="web" time="30.938" classname="webtable.WebTable"/>
</testsuite> <!-- webtable.WebTable -->
