<?xml version="1.0" encoding="UTF-8"?>
<!-- Generated by org.testng.reporters.JUnitReportReporter -->
<testsuite hostname="Arnab-PC" name="windowsHandle.SwitchWindows" tests="1" failures="0" timestamp="9 Jun 2016 14:18:32 GMT" time="9.384" errors="0">
  <testcase name="swithWin" time="9.384" classname="windowsHandle.SwitchWindows"/>
</testsuite> <!-- windowsHandle.SwitchWindows -->
