<?xml version="1.0" encoding="UTF-8"?>
<!-- Generated by org.testng.reporters.JUnitReportReporter -->
<testsuite hostname="Arnab-PC" name="crossBrowser.CrossBrTesting" tests="3" failures="0" timestamp="2 Jun 2016 20:06:44 GMT" time="35.234" errors="0">
  <testcase name="chooseBrowser" time="14.115" classname="crossBrowser.CrossBrTesting"/>
  <testcase name="chooseBrowser" time="8.977" classname="crossBrowser.CrossBrTesting"/>
  <testcase name="chooseBrowser" time="12.142" classname="crossBrowser.CrossBrTesting"/>
</testsuite> <!-- crossBrowser.CrossBrTesting -->
