<?xml version="1.0" encoding="UTF-8"?>
<!-- Generated by org.testng.reporters.JUnitReportReporter -->
<testsuite hostname="Arnab-PC" name="Apple.EnblDepenPrior" tests="1" failures="0" timestamp="15 Jun 2016 16:54:27 GMT" time="0.013" errors="0">
  <testcase name="bena" time="0.013" classname="Apple.EnblDepenPrior"/>
</testsuite> <!-- Apple.EnblDepenPrior -->
