<?xml version="1.0" encoding="UTF-8"?>
<!-- Generated by org.testng.reporters.JUnitReportReporter -->
<testsuite skipped="1" hostname="LAPTOP-0EA7VU5G" name="dataDriven.WordPressDataExcel" tests="1" failures="0" timestamp="29 Nov 2016 01:43:31 GMT" time="0.000" errors="0">
  <testcase name="login" time="0.000" classname="dataDriven.WordPressDataExcel">
    <skipped/>
  </testcase> <!-- login -->
</testsuite> <!-- dataDriven.WordPressDataExcel -->
