<?xml version="1.0" encoding="UTF-8"?>
<!-- Generated by org.testng.reporters.JUnitReportReporter -->
<testsuite hostname="Arnab-PC" name="extent.MultiplVerifyTitleExtent" tests="3" failures="0" timestamp="13 Jun 2016 22:30:42 GMT" time="5.282" errors="0">
  <testcase name="verifyURL" time="1.119" classname="extent.MultiplVerifyTitleExtent"/>
  <testcase name="VerifySearch" time="1.454" classname="extent.MultiplVerifyTitleExtent"/>
  <testcase name="verifyTitle" time="2.709" classname="extent.MultiplVerifyTitleExtent"/>
</testsuite> <!-- extent.MultiplVerifyTitleExtent -->
