<?xml version="1.0" encoding="UTF-8"?>
<!-- Generated by org.testng.reporters.JUnitReportReporter -->
<testsuite hostname="Arnab-PC" name="Apple.Screenshot" tests="2" failures="0" timestamp="31 May 2016 22:46:32 GMT" time="14.794" errors="0">
  <testcase name="screenst" time="7.893" classname="Apple.Screenshot"/>
  <testcase name="appr" time="6.901" classname="Apple.Screenshot"/>
</testsuite> <!-- Apple.Screenshot -->
