<?xml version="1.0" encoding="UTF-8"?>
<!-- Generated by org.testng.reporters.JUnitReportReporter -->
<testsuite hostname="Arnab-PC" name="packTwo.DepenAnno" tests="4" failures="0" timestamp="27 Apr 2016 19:36:47 GMT" time="0.120" errors="0">
  <testcase name="guest" time="0.003" classname="packTwo.DepenAnno"/>
  <testcase name="ahost" time="0.025" classname="packTwo.DepenAnno"/>
  <testcase name="atimout" time="0.090" classname="packTwo.DepenAnno"/>
  <testcase name="bena" time="0.002" classname="packTwo.DepenAnno"/>
</testsuite> <!-- packTwo.DepenAnno -->
