<?xml version="1.0" encoding="UTF-8"?>
<!-- Generated by org.testng.reporters.JUnitReportReporter -->
<testsuite hostname="Arnab-PC" name="Apple.AppTest" tests="2" failures="0" timestamp="19 May 2016 16:46:43 GMT" time="0.031" errors="0">
  <testcase name="host" time="0.008" classname="Apple.AppTest"/>
  <testcase name="guest" time="0.023" classname="Apple.AppTest"/>
</testsuite> <!-- Apple.AppTest -->
