<?xml version="1.0" encoding="UTF-8"?>
<!-- Generated by org.testng.reporters.JUnitReportReporter -->
<testsuite hostname="Arnab-PC" name="Apple.Priority" tests="2" failures="0" timestamp="4 May 2016 21:32:13 GMT" time="0.018" errors="0">
  <testcase name="join" time="0.004" classname="Apple.Priority"/>
  <testcase name="flag" time="0.014" classname="Apple.Priority"/>
</testsuite> <!-- Apple.Priority -->
