<?xml version="1.0" encoding="UTF-8"?>
<!-- Generated by org.testng.reporters.JUnitReportReporter -->
<testsuite hostname="Arnab-PC" name="selectDropdown.DropdownOptions" tests="1" failures="0" timestamp="7 Jun 2016 20:05:57 GMT" time="10.274" errors="0">
  <testcase name="selectDrop" time="10.274" classname="selectDropdown.DropdownOptions"/>
</testsuite> <!-- selectDropdown.DropdownOptions -->
