<?xml version="1.0" encoding="UTF-8"?>
<!-- Generated by org.testng.reporters.JUnitReportReporter -->
<testsuite hostname="Arnab-PC" name="dataDriven.Paramet" tests="2" failures="0" timestamp="11 May 2016 23:39:14 GMT" time="0.021" errors="0">
  <testcase name="FlightBooking" time="0.016" classname="dataDriven.Paramet"/>
  <testcase name="OpeningBrowser" time="0.005" classname="dataDriven.Paramet"/>
</testsuite> <!-- dataDriven.Paramet -->
