<?xml version="1.0" encoding="UTF-8"?>
<!-- Generated by org.testng.reporters.JUnitReportReporter -->
<testsuite hostname="Arnab-PC" name="Apple.GmailFileUpload" tests="1" failures="0" timestamp="31 May 2016 15:24:58 GMT" time="20.408" errors="0">
  <testcase name="fileUpload" time="20.408" classname="Apple.GmailFileUpload"/>
</testsuite> <!-- Apple.GmailFileUpload -->
