<?xml version="1.0" encoding="UTF-8"?>
<!-- Generated by org.testng.reporters.JUnitReportReporter -->
<testsuite hostname="Arnab-PC" name="iframe.Frame" tests="1" failures="0" timestamp="7 Jun 2016 17:18:47 GMT" time="15.101" errors="0">
  <testcase name="fram" time="15.101" classname="iframe.Frame"/>
</testsuite> <!-- iframe.Frame -->
