<?xml version="1.0" encoding="UTF-8"?>
<!-- Generated by org.testng.reporters.JUnitReportReporter -->
<testsuite hostname="Arnab-PC" name="autoIT.Authentication" tests="1" failures="0" timestamp="31 May 2016 20:31:44 GMT" time="19.924" errors="0">
  <testcase name="val" time="19.924" classname="autoIT.Authentication"/>
</testsuite> <!-- autoIT.Authentication -->
