<?xml version="1.0" encoding="UTF-8"?>
<!-- Generated by org.testng.reporters.JUnitReportReporter -->
<testsuite hostname="Arnab-PC" name="Apple.AdvanceExtentReport" tests="1" failures="0" timestamp="25 May 2016 20:35:54 GMT" time="8.753" errors="0">
  <testcase name="verifyTitle" time="8.753" classname="Apple.AdvanceExtentReport"/>
</testsuite> <!-- Apple.AdvanceExtentReport -->
