<?xml version="1.0" encoding="UTF-8"?>
<!-- Generated by org.testng.reporters.JUnitReportReporter -->
<testsuite hostname="Arnab-PC" name="facebookTestCases.FbHome" tests="1" failures="0" timestamp="25 May 2016 21:04:30 GMT" time="21.833" errors="0">
  <testcase name="validateButtons" time="21.833" classname="facebookTestCases.FbHome"/>
</testsuite> <!-- facebookTestCases.FbHome -->
