<?xml version="1.0" encoding="UTF-8"?>
<!-- Generated by org.testng.reporters.JUnitReportReporter -->
<testsuite hostname="Arnab-PC" name="scroll.ScrollIntoView" tests="2" failures="0" timestamp="8 Jun 2016 15:54:15 GMT" time="55.718" errors="0">
  <testcase name="scrollMul" time="8.208" classname="scroll.ScrollIntoView"/>
  <testcase name="scroll" time="47.510" classname="scroll.ScrollIntoView"/>
</testsuite> <!-- scroll.ScrollIntoView -->
