<?xml version="1.0" encoding="UTF-8"?>
<!-- Generated by org.testng.reporters.JUnitReportReporter -->
<testsuite hostname="Arnab-PC" name="mouseAction.Hover" tests="1" failures="0" timestamp="21 Jun 2016 15:54:01 GMT" time="11.350" errors="0">
  <testcase name="hov" time="11.350" classname="mouseAction.Hover"/>
</testsuite> <!-- mouseAction.Hover -->
