<?xml version="1.0" encoding="UTF-8"?>
<!-- Generated by org.testng.reporters.JUnitReportReporter -->
<testsuite hostname="Arnab-PC" name="selectDropdown.Dropdown" tests="1" failures="0" timestamp="7 Jun 2016 19:40:06 GMT" time="10.968" errors="0">
  <testcase name="selectDrop" time="10.968" classname="selectDropdown.Dropdown"/>
</testsuite> <!-- selectDropdown.Dropdown -->
