<?xml version="1.0" encoding="UTF-8"?>
<!-- Generated by org.testng.reporters.JUnitReportReporter -->
<testsuite hostname="Arnab-PC" name="reporter.Report" tests="1" failures="0" timestamp="15 Jun 2016 19:52:00 GMT" time="4.729" errors="0">
  <testcase name="testRepo" time="4.729" classname="reporter.Report"/>
</testsuite> <!-- reporter.Report -->
