<?xml version="1.0" encoding="UTF-8"?>
<!-- Generated by org.testng.reporters.JUnitReportReporter -->
<testsuite hostname="Arnab-PC" name="tooltip.ToolAdvance" tests="1" failures="0" timestamp="16 Jun 2016 20:33:10 GMT" time="2.157" errors="0">
  <testcase name="tooltip" time="2.157" classname="tooltip.ToolAdvance"/>
</testsuite> <!-- tooltip.ToolAdvance -->
