<?xml version="1.0" encoding="UTF-8"?>
<!-- Generated by org.testng.reporters.JUnitReportReporter -->
<testsuite skipped="0" hostname="LAPTOP-0EA7VU5G" name="hiddenWebElements.HiddenElements" tests="1" failures="0" timestamp="14 Dec 2016 20:27:19 GMT" time="11.066" errors="0">
  <testcase name="WebElements" time="11.066" classname="hiddenWebElements.HiddenElements"/>
</testsuite> <!-- hiddenWebElements.HiddenElements -->
