<?xml version="1.0" encoding="UTF-8"?>
<!-- Generated by org.testng.reporters.JUnitReportReporter -->
<testsuite hostname="Arnab-PC" name="mouseAction.DragAndDrop" tests="1" failures="0" timestamp="20 Jun 2016 22:29:18 GMT" time="13.475" errors="0">
  <testcase name="dragAnddrop" time="13.475" classname="mouseAction.DragAndDrop"/>
</testsuite> <!-- mouseAction.DragAndDrop -->
