<?xml version="1.0" encoding="UTF-8"?>
<!-- Generated by org.testng.reporters.JUnitReportReporter -->
<testsuite hostname="Arnab-PC" name="windowsHandle.TestNaukri" tests="1" failures="0" timestamp="9 Jun 2016 15:36:28 GMT" time="13.520" errors="0">
  <testcase name="TestPopUp" time="13.520" classname="windowsHandle.TestNaukri"/>
</testsuite> <!-- windowsHandle.TestNaukri -->
