<?xml version="1.0" encoding="UTF-8"?>
<!-- Generated by org.testng.reporters.JUnitReportReporter -->
<testsuite hostname="Arnab-PC" name="packTwo.FbHome" tests="1" failures="0" timestamp="4 May 2016 17:08:14 GMT" time="16.317" errors="0">
  <testcase name="validateButtons" time="16.317" classname="packTwo.FbHome"/>
</testsuite> <!-- packTwo.FbHome -->
