<?xml version="1.0" encoding="UTF-8"?>
<!-- Generated by org.testng.reporters.JUnitReportReporter -->
<testsuite skipped="0" hostname="LAPTOP-0EA7VU5G" name="dataDriven.TestData" tests="3" failures="0" timestamp="30 Nov 2016 01:19:14 GMT" time="9.662" errors="0">
  <testcase name="fbLogin" time="3.709" classname="dataDriven.TestData"/>
  <testcase name="fbLogin" time="4.578" classname="dataDriven.TestData"/>
  <testcase name="fbLogin" time="1.375" classname="dataDriven.TestData"/>
</testsuite> <!-- dataDriven.TestData -->
