<?xml version="1.0" encoding="UTF-8"?>
<!-- Generated by org.testng.reporters.JUnitReportReporter -->
<testsuite skipped="0" hostname="LAPTOP-0EA7VU5G" name="selectDropdown.DropdownGetOptions" tests="1" failures="0" timestamp="16 Dec 2016 23:28:03 GMT" time="13.168" errors="0">
  <testcase name="selectDrop" time="13.168" classname="selectDropdown.DropdownGetOptions"/>
</testsuite> <!-- selectDropdown.DropdownGetOptions -->
